<?xml version="1.0" encoding="UTF-8"?>
<!-- Generated by org.testng.reporters.JUnitReportReporter -->
<testsuite hostname="Admin-PC" name="src.test.java.com.sirma.itt.javacourse.binarytree.BinaryTreeTest" tests="1" failures="0" timestamp="28 Jun 2014 12:11:27 GMT" time="0.029" errors="0">
  <testcase name="testInsert" time="0.029" classname="src.test.java.com.sirma.itt.javacourse.binarytree.BinaryTreeTest"/>
</testsuite> <!-- src.test.java.com.sirma.itt.javacourse.binarytree.BinaryTreeTest -->
