<?xml version="1.0" encoding="UTF-8"?>
<!-- Generated by org.testng.reporters.JUnitReportReporter -->
<testsuite hostname="Admin-PC" name="src.tests.BinaryTreeTest" tests="1" failures="0" timestamp="19 Jun 2014 12:40:40 GMT" time="0.030" errors="0">
  <testcase name="TestInsert" time="0.030" classname="src.tests.BinaryTreeTest"/>
</testsuite> <!-- src.tests.BinaryTreeTest -->
