<?xml version="1.0" encoding="UTF-8"?>
<!-- Generated by org.testng.reporters.JUnitReportReporter -->
<testsuite hostname="Admin-PC" name="src.tests.SumatorTest" tests="2" failures="0" timestamp="19 Jun 2014 13:22:22 GMT" time="0.040" errors="0">
  <testcase name="TestSumatorWithBigIntegers" time="0.035" classname="src.tests.SumatorTest"/>
  <testcase name="TestSumatorWithIntegers" time="0.005" classname="src.tests.SumatorTest"/>
</testsuite> <!-- src.tests.SumatorTest -->
